2025-05-25 14:18:17 Possible Password ==>btcr-test-password<== in Decrypted Block ==>{"guid":"52500558-b3fa-4318-b6a3<==
2025-05-25 14:18:17 Found Password ==>btcr-test-password<== in Decrypted Block ==>{"guid":"52500558-b3fa-4318-b6a3<==
2025-05-25 14:18:17 Possible Password ==>btcr-test-password<== in Decrypted Block ==>{"guid":"52500558-b3fa-4318-b6a3<==
2025-05-25 14:18:17 Found Password ==>btcr-test-password<== in Decrypted Block ==>{"guid":"52500558-b3fa-4318-b6a3<==
2025-05-25 14:18:18 Possible Password ==>btcr-test-password<== in Decrypted Block ==>{"guid":"52500558-b3fa-4318-b6a3<==
2025-05-25 14:18:18 Found Password ==>btcr-test-password<== in Decrypted Block ==>{"guid":"52500558-b3fa-4318-b6a3<==
2025-05-25 14:18:18 Possible Password ==>btcr-test-password<== in Decrypted Block ==>{"guid":"52500558-b3fa-4318-b6a3<==
2025-05-25 14:18:18 Found Password ==>btcr-test-password<== in Decrypted Block ==>{"guid":"52500558-b3fa-4318-b6a3<==
2025-05-25 14:18:32 Possible Password ==>btcr-test-password<== in Decrypted Block ==>[{"type":"HD Key<==
2025-05-25 14:18:32 Found Password ==>btcr-test-password<== in Decrypted Block ==>[{"type":"HD Key<==
2025-05-25 14:18:32 Possible Password ==>btcr-test-password<== in Decrypted Block ==>[{"type":"HD Key<==
2025-05-25 14:18:32 Found Password ==>btcr-test-password<== in Decrypted Block ==>[{"type":"HD Key<==
2025-05-25 14:18:32 Possible Password ==>btcr-test-password<== in Decrypted Block ==>[{"type":"HD Key<==
2025-05-25 14:18:32 Found Password ==>btcr-test-password<== in Decrypted Block ==>[{"type":"HD Key<==
2025-05-25 14:18:33 Possible Password ==>btcr-test-password<== in Decrypted Block ==>[{"type":"HD Key<==
2025-05-25 14:18:33 Found Password ==>btcr-test-password<== in Decrypted Block ==>[{"type":"HD Key<==
2025-05-25 14:18:33 Possible Password ==>btcr-test-password<== in Decrypted Block ==>[{"type":"HD Key<==
2025-05-25 14:18:33 Found Password ==>btcr-test-password<== in Decrypted Block ==>[{"type":"HD Key<==
2025-05-25 14:18:33 Possible Password ==>btcr-test-password<== in Decrypted Block ==>[{"type":"HD Key<==
2025-05-25 14:18:33 Found Password ==>btcr-test-password<== in Decrypted Block ==>[{"type":"HD Key<==
2025-05-25 14:18:44 Possible Password ==>BTCR-test-passw0rd<== in Decrypted Block ==>{"version":"v2",<==
2025-05-25 14:18:44 Found Password ==>BTCR-test-passw0rd<== in Decrypted Block ==>{"version":"v2",<==
2025-05-25 14:18:44 Possible Password ==>BTCR-test-passw0rd<== in Decrypted Block ==>{"version":"v2",<==
2025-05-25 14:18:44 Found Password ==>BTCR-test-passw0rd<== in Decrypted Block ==>{"version":"v2",<==
2025-05-25 14:18:44 Possible Password ==>btcr-test-password<== in Decrypted Block ==>[{"type":"HD Key<==
2025-05-25 14:18:44 Found Password ==>btcr-test-password<== in Decrypted Block ==>[{"type":"HD Key<==
2025-05-25 14:18:44 Possible Password ==>btcr-test-password<== in Decrypted Block ==>[{"type":"HD Key<==
2025-05-25 14:18:44 Found Password ==>btcr-test-password<== in Decrypted Block ==>[{"type":"HD Key<==
2025-05-25 14:18:44 Possible Password ==>btcr-test-password<== in Decrypted Block ==>"{\"mnemonic\":\<==
2025-05-25 14:18:44 Found Password ==>btcr-test-password<== in Decrypted Block ==>"{\"mnemonic\":\<==
2025-05-25 14:18:45 Possible Password ==>btcr-test-password<== in Decrypted Block ==>"{\"mnemonic\":\<==
2025-05-25 14:18:45 Found Password ==>btcr-test-password<== in Decrypted Block ==>"{\"mnemonic\":\<==
2025-05-25 14:18:45 Possible Password ==>btcr-test-password<== in Decrypted Block ==>[{"type":"HD Key<==
2025-05-25 14:18:45 Found Password ==>btcr-test-password<== in Decrypted Block ==>[{"type":"HD Key<==
2025-05-25 14:18:45 Possible Password ==>btcr-test-password<== in Decrypted Block ==>[{"type":"HD Key<==
2025-05-25 14:18:45 Found Password ==>btcr-test-password<== in Decrypted Block ==>[{"type":"HD Key<==
2025-05-25 14:18:46 Possible Password ==>btcr-test-password<== in Decrypted Block ==>[{"type":"HD Key<==
2025-05-25 14:18:46 Found Password ==>btcr-test-password<== in Decrypted Block ==>[{"type":"HD Key<==
2025-05-25 14:18:48 Possible Password ==>btcr-test-password<== in Decrypted Block ==>[{"type":"HD Key<==
2025-05-25 14:18:48 Found Password ==>btcr-test-password<== in Decrypted Block ==>[{"type":"HD Key<==
2025-05-25 14:18:55 Possible Password ==>btcr-test-password<== in Decrypted Block ==>[{"type":"HD Key<==
2025-05-25 14:18:55 Found Password ==>btcr-test-password<== in Decrypted Block ==>[{"type":"HD Key<==
2025-05-25 14:18:56 Possible Password ==>btcr-test-password<== in Decrypted Block ==>[{"type":"HD Key<==
2025-05-25 14:18:56 Found Password ==>btcr-test-password<== in Decrypted Block ==>[{"type":"HD Key<==
2025-05-25 14:19:19 Possible Password ==>BTCR-test-passw0rd<== in Decrypted Block ==>{"version":"v2",<==
2025-05-25 14:19:19 Found Password ==>BTCR-test-passw0rd<== in Decrypted Block ==>{"version":"v2",<==
2025-05-25 14:19:19 Possible Password ==>btcr-test-password<== in Decrypted Block ==>[{"type":"HD Key<==
2025-05-25 14:19:19 Found Password ==>btcr-test-password<== in Decrypted Block ==>[{"type":"HD Key<==
2025-05-25 14:19:19 Possible Password ==>btcr-test-password<== in Decrypted Block ==>[{"type":"HD Key<==
2025-05-25 14:19:19 Found Password ==>btcr-test-password<== in Decrypted Block ==>[{"type":"HD Key<==
2025-05-25 14:19:19 Possible Password ==>btcr-test-password<== in Decrypted Block ==>[{"type":"HD Key<==
2025-05-25 14:19:19 Found Password ==>btcr-test-password<== in Decrypted Block ==>[{"type":"HD Key<==
2025-05-25 14:19:19 Possible Password ==>btcr-test-password<== in Decrypted Block ==>"{\"mnemonic\":\<==
2025-05-25 14:19:19 Found Password ==>btcr-test-password<== in Decrypted Block ==>"{\"mnemonic\":\<==
